{
  "RSpec": {
    "coverage": {
      "/Users/student/Documents/Projects/Bank/spec/bank_spec.rb": [
        1,
        1,
        null,
        1,
        null,
        1,
        1,
        1,
        null,
        null,
        1,
        1,
        1,
        null,
        null,
        null,
        1,
        1,
        1,
        1,
        null,
        null,
        1,
        1,
        1,
        1,
        1,
        null,
        null,
        1,
        1,
        1,
        1,
        null,
        null,
        1,
        1,
        1,
        1,
        null,
        null,
        1,
        1,
        1,
        1,
        1,
        null,
        null,
        null,
        null,
        null,
        null,
        null,
        null,
        null,
        null,
        null,
        null,
        null,
        null,
        null,
        null,
        null,
        null,
        null,
        null,
        null,
        null,
        null
      ],
      "/Users/student/Documents/Projects/Bank/lib/bank.rb": [
        1,
        null,
        1,
        null,
        1,
        null,
        1,
        1,
        null,
        null,
        null,
        null
      ],
      "/Users/student/Documents/Projects/Bank/lib/account.rb": [
        1,
        1,
        null,
        1,
        null,
        1,
        1,
        null,
        1,
        null,
        1,
        8,
        8,
        null,
        null,
        1,
        5,
        5,
        5,
        5,
        null,
        null,
        1,
        3,
        3,
        3,
        3,
        null,
        null,
        1,
        3,
        null,
        null,
        1,
        1,
        null,
        null,
        null,
        null
      ],
      "/Users/student/Documents/Projects/Bank/lib/statement.rb": [
        1,
        1,
        null,
        1,
        null,
        1,
        null,
        1,
        9,
        null,
        null,
        1,
        1,
        1,
        1,
        1,
        2,
        2,
        null,
        1,
        1,
        1,
        null,
        null
      ],
      "/Users/student/Documents/Projects/Bank/spec/statement_spec.rb": [
        1,
        null,
        1,
        null,
        1,
        1,
        1,
        null,
        null,
        1,
        1,
        null,
        null,
        null,
        null,
        null,
        null,
        null,
        1,
        1,
        1,
        1,
        1,
        2,
        null,
        null,
        null,
        null
      ]
    },
    "timestamp": 1554987484
  }
}
